[debug] [2024-02-04T12:15:40.447Z] ----------------------------------------------------------------------
[debug] [2024-02-04T12:15:40.452Z] Command:       C:\Program Files\nodejs\node.exe C:\Users\XPERTSTIM - L1001\AppData\Roaming\npm\node_modules\firebase-tools\lib\bin\firebase.js init
[debug] [2024-02-04T12:15:40.453Z] CLI Version:   13.1.0
[debug] [2024-02-04T12:15:40.454Z] Platform:      win32
[debug] [2024-02-04T12:15:40.454Z] Node Version:  v20.10.0
[debug] [2024-02-04T12:15:40.454Z] Time:          Sun Feb 04 2024 17:45:40 GMT+0530 (India Standard Time)
[debug] [2024-02-04T12:15:40.454Z] ----------------------------------------------------------------------
[debug] 
[debug] [2024-02-04T12:15:40.464Z] > command requires scopes: ["email","openid","https://www.googleapis.com/auth/cloudplatformprojects.readonly","https://www.googleapis.com/auth/firebase","https://www.googleapis.com/auth/cloud-platform"]
[debug] [2024-02-04T12:15:40.465Z] > authorizing via signed-in user (rshubham928@gmail.com)
[info] 
     ######## #### ########  ######## ########     ###     ######  ########
     ##        ##  ##     ## ##       ##     ##  ##   ##  ##       ##
     ######    ##  ########  ######   ########  #########  ######  ######
     ##        ##  ##    ##  ##       ##     ## ##     ##       ## ##
     ##       #### ##     ## ######## ########  ##     ##  ######  ########

You're about to initialize a Firebase project in this directory:

  D:\MERN\Alpaago\weather-app

[info] 
=== Project Setup
[info] 
[info] First, let's associate this project directory with a Firebase project.
[info] You can create multiple project aliases by running firebase use --add, 
[info] but for now we'll just set up a default project.
[info] 
[debug] [2024-02-04T12:18:03.167Z] >>> [apiv2][query] GET https://firebase.googleapis.com/v1beta1/projects pageSize=100
[debug] [2024-02-04T12:18:04.131Z] <<< [apiv2][status] GET https://firebase.googleapis.com/v1beta1/projects 200
[debug] [2024-02-04T12:18:04.131Z] <<< [apiv2][body] GET https://firebase.googleapis.com/v1beta1/projects [omitted]
[info] i  Using project fir-alpaago-react-auth (firebase-Alpaago-react-auth) 
[info] 
=== Database Setup
[info] i  database: ensuring required API firebasedatabase.googleapis.com is enabled... 
[debug] [2024-02-04T12:18:16.032Z] >>> [apiv2][query] GET https://serviceusage.googleapis.com/v1/projects/fir-alpaago-react-auth/services/firebasedatabase.googleapis.com [none]
[debug] [2024-02-04T12:18:16.033Z] >>> [apiv2][(partial)header] GET https://serviceusage.googleapis.com/v1/projects/fir-alpaago-react-auth/services/firebasedatabase.googleapis.com x-goog-quota-user=projects/fir-alpaago-react-auth
[debug] [2024-02-04T12:18:18.123Z] <<< [apiv2][status] GET https://serviceusage.googleapis.com/v1/projects/fir-alpaago-react-auth/services/firebasedatabase.googleapis.com 200
[debug] [2024-02-04T12:18:18.123Z] <<< [apiv2][body] GET https://serviceusage.googleapis.com/v1/projects/fir-alpaago-react-auth/services/firebasedatabase.googleapis.com [omitted]
[warn] !  database: missing required API firebasedatabase.googleapis.com. Enabling now... 
[debug] [2024-02-04T12:18:18.125Z] >>> [apiv2][query] POST https://serviceusage.googleapis.com/v1/projects/fir-alpaago-react-auth/services/firebasedatabase.googleapis.com:enable [none]
[debug] [2024-02-04T12:18:18.125Z] >>> [apiv2][(partial)header] POST https://serviceusage.googleapis.com/v1/projects/fir-alpaago-react-auth/services/firebasedatabase.googleapis.com:enable x-goog-quota-user=projects/fir-alpaago-react-auth
[debug] [2024-02-04T12:18:18.887Z] <<< [apiv2][status] POST https://serviceusage.googleapis.com/v1/projects/fir-alpaago-react-auth/services/firebasedatabase.googleapis.com:enable 200
[debug] [2024-02-04T12:18:18.887Z] <<< [apiv2][body] POST https://serviceusage.googleapis.com/v1/projects/fir-alpaago-react-auth/services/firebasedatabase.googleapis.com:enable [omitted]
[debug] [2024-02-04T12:18:28.902Z] >>> [apiv2][query] GET https://serviceusage.googleapis.com/v1/projects/fir-alpaago-react-auth/services/firebasedatabase.googleapis.com [none]
[debug] [2024-02-04T12:18:28.902Z] >>> [apiv2][(partial)header] GET https://serviceusage.googleapis.com/v1/projects/fir-alpaago-react-auth/services/firebasedatabase.googleapis.com x-goog-quota-user=projects/fir-alpaago-react-auth
[debug] [2024-02-04T12:18:30.810Z] <<< [apiv2][status] GET https://serviceusage.googleapis.com/v1/projects/fir-alpaago-react-auth/services/firebasedatabase.googleapis.com 200
[debug] [2024-02-04T12:18:30.810Z] <<< [apiv2][body] GET https://serviceusage.googleapis.com/v1/projects/fir-alpaago-react-auth/services/firebasedatabase.googleapis.com [omitted]
[info] +  database: required API firebasedatabase.googleapis.com is enabled 
[info] 
[debug] [2024-02-04T12:18:30.816Z] >>> [apiv2][query] GET https://firebase.googleapis.com/v1beta1/projects/fir-alpaago-react-auth [none]
[debug] [2024-02-04T12:18:31.321Z] <<< [apiv2][status] GET https://firebase.googleapis.com/v1beta1/projects/fir-alpaago-react-auth 200
[debug] [2024-02-04T12:18:31.321Z] <<< [apiv2][body] GET https://firebase.googleapis.com/v1beta1/projects/fir-alpaago-react-auth {"projectId":"fir-alpaago-react-auth","projectNumber":"331848572053","displayName":"firebase-Alpaago-react-auth","name":"projects/fir-alpaago-react-auth","resources":{"hostingSite":"fir-alpaago-react-auth"},"state":"ACTIVE","etag":"1_296adcd5-646a-4916-8ea5-5d285a1776b5"}
